<?xml version="1.0" encoding="UTF-8"?>
<testng-results skipped="0" failed="0" total="1" passed="1">
  <reporter-output>
  </reporter-output>
  <suite name="Default suite" duration-ms="30986" started-at="2018-09-24T14:10:57Z" finished-at="2018-09-24T14:11:28Z">
    <groups>
    </groups>
    <test name="Default test" duration-ms="30986" started-at="2018-09-24T14:10:57Z" finished-at="2018-09-24T14:11:28Z">
      <class name="page_Tests.ACR_LoginPage_Tests">
        <test-method status="PASS" signature="TestLaunch()[pri:0, instance:page_Tests.ACR_LoginPage_Tests@5f9d02cb]" name="TestLaunch" is-config="true" duration-ms="13645" started-at="2018-09-24T19:40:57Z" finished-at="2018-09-24T19:41:10Z">
          <reporter-output>
          </reporter-output>
        </test-method> <!-- TestLaunch -->
        <test-method status="PASS" signature="test_ACR_LoginPage()[pri:0, instance:page_Tests.ACR_LoginPage_Tests@5f9d02cb]" name="test_ACR_LoginPage" duration-ms="12625" started-at="2018-09-24T19:41:10Z" finished-at="2018-09-24T19:41:23Z">
          <reporter-output>
          </reporter-output>
        </test-method> <!-- test_ACR_LoginPage -->
        <test-method status="PASS" signature="closeBrowser()[pri:0, instance:page_Tests.ACR_LoginPage_Tests@5f9d02cb]" name="closeBrowser" is-config="true" duration-ms="4661" started-at="2018-09-24T19:41:23Z" finished-at="2018-09-24T19:41:28Z">
          <reporter-output>
          </reporter-output>
        </test-method> <!-- closeBrowser -->
      </class> <!-- page_Tests.ACR_LoginPage_Tests -->
    </test> <!-- Default test -->
  </suite> <!-- Default suite -->
</testng-results>
